"../../../../../../../Unreal Projects/DenisErmolov/Content/StarterContent/Materials/M_Basic_Wall.uasset" 0
"../../../../../../../Unreal Projects/DenisErmolov/Content/StarterContent/Architecture/Pillar_50x500.uasset" 1
"../../../../../../../Unreal Projects/DenisErmolov/Content/StarterContent/Architecture/Wall_400x300.uasset" 2
"../../../../../../../Unreal Projects/DenisErmolov/Content/StarterContent/Architecture/Wall_400x400.uasset" 3
"../../../../../../../Unreal Projects/DenisErmolov/Content/StarterContent/Architecture/Wall_500x500.uasset" 4
"../../../../../../../Unreal Projects/DenisErmolov/Content/StarterContent/Architecture/Wall_Door_400x400.uasset" 5
"../../../../../../../Unreal Projects/DenisErmolov/Content/StarterContent/Architecture/Wall_Window_400x400.uasset" 6
"../../../../../../../Unreal Projects/DenisErmolov/Content/StarterContent/Audio/Collapse01.uasset" 7
"../../../../../../../Unreal Projects/DenisErmolov/Content/StarterContent/Audio/Collapse02.uasset" 8
"../../../../../../../Unreal Projects/DenisErmolov/Content/StarterContent/Audio/Explosion01.uasset" 9
"../../../../../../../Unreal Projects/DenisErmolov/Content/StarterContent/Audio/Explosion02.uasset" 10
"../../../../../../../Unreal Projects/DenisErmolov/Content/StarterContent/Audio/Fire01.uasset" 11
"../../../../../../../Unreal Projects/DenisErmolov/Content/StarterContent/Audio/Fire_Sparks01.uasset" 12
"../../../../../../../Unreal Projects/DenisErmolov/Content/StarterContent/Audio/Light01.uasset" 13
"../../../../../../../Unreal Projects/DenisErmolov/Content/StarterContent/Audio/Light01_Cue.uasset" 14
"../../../../../../../Unreal Projects/DenisErmolov/Content/StarterContent/Audio/Light02.uasset" 15
"../../../../../../../Unreal Projects/DenisErmolov/Content/StarterContent/Audio/Light02_Cue.uasset" 16
"../../../../../../../Unreal Projects/DenisErmolov/Content/StarterContent/Audio/Smoke01.uasset" 17
"../../../../../../../Unreal Projects/DenisErmolov/Content/StarterContent/Audio/Starter_Birds01.uasset" 18
"../../../../../../../Unreal Projects/DenisErmolov/Content/StarterContent/Audio/Starter_Music01.uasset" 19
"../../../../../../../Unreal Projects/DenisErmolov/Content/StarterContent/Audio/Starter_Wind05.uasset" 20
"../../../../../../../Unreal Projects/DenisErmolov/Content/StarterContent/Audio/Starter_Wind06.uasset" 21
"../../../../../../../Unreal Projects/DenisErmolov/Content/StarterContent/Audio/Steam01.uasset" 22
"../../../../../../../Unreal Projects/DenisErmolov/Content/StarterContent/Textures/T_Smoke_Tiled_D.uasset" 23
"../../../../../../../Unreal Projects/DenisErmolov/Content/StarterContent/Textures/T_Smoke_SubUV.uasset" 24
"../../../../../../../Unreal Projects/DenisErmolov/Content/StarterContent/Particles/Materials/M_smoke_subUV.uasset" 25
"../../../Engine/Content/Functions/Engine_MaterialFunctions01/Gradient/RadialGradient.uasset" 26
"../../../../../../../Unreal Projects/DenisErmolov/Content/StarterContent/Particles/Materials/M_radial_ramp.uasset" 27
"../../../../../../../Unreal Projects/DenisErmolov/Content/StarterContent/Particles/Materials/m_flare_01.uasset" 28
"../../../../../../../Unreal Projects/DenisErmolov/Content/StarterContent/Textures/T_Explosion_SubUV.uasset" 29
"../../../../../../../Unreal Projects/DenisErmolov/Content/StarterContent/Particles/Materials/M_explosion_subUV.uasset" 30
"../../../../../../../Unreal Projects/DenisErmolov/Content/StarterContent/Textures/T_Burst_M.uasset" 31
"../../../../../../../Unreal Projects/DenisErmolov/Content/StarterContent/Particles/Materials/M_Burst.uasset" 32
"../../../../../../../Unreal Projects/DenisErmolov/Content/StarterContent/Particles/P_Explosion.uasset" 33
"../../../../../../../Unreal Projects/DenisErmolov/Content/StarterContent/Audio/Explosion_Cue.uasset" 34
"../../../../../../../Unreal Projects/DenisErmolov/Content/StarterContent/Blueprints/Blueprint_Effect_Explosion.uasset" 35
"../../../Engine/Content/EditorMeshes/ColorCalibrator/T_ColorGrid.uasset" 36
"../../../../../../../Unreal Projects/DenisErmolov/Content/StarterContent/Materials/M_ColorGrid_LowSpec.uasset" 37
"../../../../../../../Unreal Projects/DenisErmolov/Content/StarterContent/Textures/T_Bush_N.uasset" 38
"../../../../../../../Unreal Projects/DenisErmolov/Content/StarterContent/Textures/T_Bush_D.uasset" 39
"../../../../../../../Unreal Projects/DenisErmolov/Content/StarterContent/Props/Materials/M_Bush.uasset" 40
"../../../../../../../Unreal Projects/DenisErmolov/Content/StarterContent/Props/SM_Bush.uasset" 41
"../../../../../../../Unreal Projects/DenisErmolov/Content/StarterContent/Textures/T_Chair_N.uasset" 42
"../../../../../../../Unreal Projects/DenisErmolov/Content/StarterContent/Textures/T_Chair_M.uasset" 43
"../../../../../../../Unreal Projects/DenisErmolov/Content/StarterContent/Props/Materials/M_Chair.uasset" 44
"../../../../../../../Unreal Projects/DenisErmolov/Content/StarterContent/Props/SM_Couch.uasset" 45
"../../../../../../../Unreal Projects/DenisErmolov/Content/StarterContent/Textures/T_Door_N.uasset" 46
"../../../../../../../Unreal Projects/DenisErmolov/Content/StarterContent/Textures/T_Door_M.uasset" 47
"../../../../../../../Unreal Projects/DenisErmolov/Content/StarterContent/Props/Materials/M_Door.uasset" 48
"../../../../../../../Unreal Projects/DenisErmolov/Content/StarterContent/Materials/M_Glass.uasset" 49
"../../../../../../../Unreal Projects/DenisErmolov/Content/StarterContent/Props/SM_Door.uasset" 50
"../../../../../../../Unreal Projects/DenisErmolov/Content/StarterContent/Props/Materials/M_MaterialSphere_Plain.uasset" 51
"../../../../../../../Unreal Projects/DenisErmolov/Content/StarterContent/Props/Materials/M_MaterialSphere.uasset" 52
"../../../../../../../Unreal Projects/DenisErmolov/Content/StarterContent/Props/SM_MatPreviewMesh_02.uasset" 53
"../../../../../../../Unreal Projects/DenisErmolov/Content/StarterContent/Textures/T_RockMesh_N.uasset" 54
"../../../../../../../Unreal Projects/DenisErmolov/Content/StarterContent/Textures/T_RockMesh_M.uasset" 55
"../../../../../../../Unreal Projects/DenisErmolov/Content/StarterContent/Textures/T_Rock_Basalt_D.uasset" 56
"../../../Engine/Content/Functions/Engine_MaterialFunctions02/Utility/BlendAngleCorrectedNormals.uasset" 57
"../../../../../../../Unreal Projects/DenisErmolov/Content/StarterContent/Textures/T_Detail_Rocky_N.uasset" 58
"../../../../../../../Unreal Projects/DenisErmolov/Content/StarterContent/Props/Materials/M_Rock.uasset" 59
"../../../../../../../Unreal Projects/DenisErmolov/Content/StarterContent/Props/SM_Rock.uasset" 60
"../../../../../../../Unreal Projects/DenisErmolov/Content/StarterContent/Textures/T_Shelf_N.uasset" 61
"../../../../../../../Unreal Projects/DenisErmolov/Content/StarterContent/Textures/T_Shelf_M.uasset" 62
"../../../../../../../Unreal Projects/DenisErmolov/Content/StarterContent/Props/Materials/M_Shelf.uasset" 63
"../../../../../../../Unreal Projects/DenisErmolov/Content/StarterContent/Props/SM_Shelf.uasset" 64
"../../../../../../../Unreal Projects/DenisErmolov/Content/StarterContent/Materials/M_Basic_Floor.uasset" 65
"../../../../../../../Unreal Projects/DenisErmolov/Content/StarterContent/Props/SM_Stairs.uasset" 66
"../../../../../../../Unreal Projects/DenisErmolov/Content/StarterContent/Shapes/Shape_Cone.uasset" 67
"../../../../../../../Unreal Projects/DenisErmolov/Content/StarterContent/Shapes/Shape_Cylinder.uasset" 68
"../../../../../../../Unreal Projects/DenisErmolov/Content/StarterContent/Shapes/Shape_NarrowCapsule.uasset" 69
"../../../../../../../Unreal Projects/DenisErmolov/Content/StarterContent/Shapes/Shape_Pipe.uasset" 70
"../../../../../../../Unreal Projects/DenisErmolov/Content/StarterContent/Shapes/Shape_Pipe_180.uasset" 71
"../../../../../../../Unreal Projects/DenisErmolov/Content/StarterContent/Shapes/Shape_Pipe_90.uasset" 72
"../../../../../../../Unreal Projects/DenisErmolov/Content/StarterContent/Shapes/Shape_Plane.uasset" 73
"../../../../../../../Unreal Projects/DenisErmolov/Content/StarterContent/Shapes/Shape_Torus.uasset" 74
"../../../../../../../Unreal Projects/DenisErmolov/Content/StarterContent/Shapes/Shape_Trim.uasset" 75
"../../../../../../../Unreal Projects/DenisErmolov/Content/StarterContent/Shapes/Shape_Trim_90_In.uasset" 76
"../../../../../../../Unreal Projects/DenisErmolov/Content/StarterContent/Shapes/Shape_Trim_90_Out.uasset" 77
"../../../../../../../Unreal Projects/DenisErmolov/Content/StarterContent/Shapes/Shape_TriPyramid.uasset" 78
"../../../../../../../Unreal Projects/DenisErmolov/Content/StarterContent/Shapes/Shape_Tube.uasset" 79
"../../../../../../../Unreal Projects/DenisErmolov/Content/StarterContent/Shapes/Shape_Wedge_A.uasset" 80
"../../../../../../../Unreal Projects/DenisErmolov/Content/StarterContent/Shapes/Shape_Wedge_B.uasset" 81
"../../../../../../../Unreal Projects/DenisErmolov/Content/StarterContent/Shapes/Shape_WideCapsule.uasset" 82
"../../../Engine/Content/EngineMaterials/T_Default_Material_Grid_N.uasset" 83
"../../../Engine/Content/EngineMaterials/T_Default_Material_Grid_M.uasset" 84
"../../../Engine/Content/Functions/Engine_MaterialFunctions01/Opacity/CameraDepthFade.uasset" 85
"../../../Engine/Content/EngineMaterials/WorldGridMaterial.uasset" 86
"../../../Engine/Content/ArtTools/RenderToTexture/Meshes/S_1_Unit_Plane.uasset" 87
"../../../Engine/Content/EngineMaterials/DefaultMaterial.uasset" 88
"../../../Engine/Content/BasicShapes/Cone.uasset" 89
"../../../Engine/Content/BasicShapes/Cube.uasset" 90
"../../../Engine/Content/BasicShapes/Plane.uasset" 91
"../../../Engine/Content/BasicShapes/Sphere.uasset" 92
"../../../Engine/Content/EditorLandscapeResources/DataLayer.uasset" 93
"../../../Engine/Content/EditorLandscapeResources/DefaultAlphaTexture.uasset" 94
"../../../Engine/Content/EditorMaterials/MAT_Groups_Toggle.uasset" 95
"../../../Engine/Content/EditorMaterials/MAT_Groups_Visibility.uasset" 96
"../../../Engine/Content/EditorMaterials/PreviewShadowIndicator.uasset" 97
"../../../Engine/Content/EditorMaterials/PreviewShadowIndicatorMaterial.uasset" 98
"../../../Engine/Content/EditorMaterials/MatineeGroups/MAT_ColorTrack.uasset" 99
"../../../Engine/Content/EditorMaterials/MatineeGroups/MAT_Groups_Anim.uasset" 100
"../../../Engine/Content/EditorMaterials/MatineeGroups/MAT_Groups_AudioMaster.uasset" 101
"../../../Engine/Content/EditorMaterials/MatineeGroups/MAT_Groups_Director.uasset" 102
"../../../Engine/Content/EditorMaterials/MatineeGroups/MAT_Groups_Event.uasset" 103
"../../../Engine/Content/EditorMaterials/MatineeGroups/MAT_Groups_Fade.uasset" 104
"../../../Engine/Content/EditorMaterials/MatineeGroups/MAT_Groups_Float.uasset" 105
"../../../Engine/Content/EditorMaterials/MatineeGroups/MAT_Groups_Move.uasset" 106
"../../../Engine/Content/EditorMaterials/MatineeGroups/MAT_Groups_Slomo.uasset" 107
"../../../Engine/Content/EditorMaterials/MatineeGroups/MAT_Groups_Sound.uasset" 108
"../../../Engine/Content/EditorMaterials/MatineeGroups/MAT_Groups_Vector.uasset" 109
"../../../Engine/Content/EditorMaterials/ParticleSystems/PSysThumbnail_NoImage.uasset" 110
"../../../Engine/Content/EditorMaterials/ParticleSystems/PSysThumbnail_OOD.uasset" 111
"../../../Engine/Content/EditorMaterials/Camera/CineMat.uasset" 112
"../../../Engine/Content/EditorMaterials/Camera/MI_CineMat_Rig.uasset" 113
"../../../Engine/Content/EditorMeshes/Camera/SM_CraneRig_Arm.uasset" 114
"../../../Engine/Content/EditorMeshes/Camera/SM_CraneRig_Base.uasset" 115
"../../../Engine/Content/EditorMeshes/Camera/SM_CraneRig_Body.uasset" 116
"../../../Engine/Content/EditorMeshes/Camera/SM_CraneRig_Mount.uasset" 117
"../../../Engine/Content/EditorMeshes/Camera/SM_RailRig_Mount.uasset" 118
"../../../Engine/Content/EditorMeshes/Camera/SM_RailRig_Track.uasset" 119
"../../../Engine/Content/EditorResources/BSPVertex.uasset" 120
"../../../Engine/Content/EditorResources/EmptyActor.uasset" 121
"../../../Engine/Content/EditorResources/S_Actor.uasset" 122
"../../../Engine/Content/EditorResources/S_Note.uasset" 123
"../../../Engine/Content/EditorResources/S_Solver.uasset" 124
"../../../Engine/Content/EditorResources/S_Terrain.uasset" 125
"../../../Engine/Content/EditorResources/S_Trigger.uasset" 126
"../../../Engine/Content/EditorResources/AudioIcons/S_AudioComponent.uasset" 127
"../../../Engine/Content/EditorResources/AudioIcons/S_AudioComponent_AutoActivate.uasset" 128
"../../../Engine/Content/EditorResources/LightIcons/S_LightError.uasset" 129
"../../../Engine/Content/EditorResources/SequenceRecorder/Countdown.uasset" 130
"../../../Engine/Content/EditorResources/SequenceRecorder/RecordingIndicator.uasset" 131
"../../../Engine/Content/EngineDamageTypes/DmgTypeBP_Environmental.uasset" 132
"../../../Engine/Content/EngineDebugMaterials/DebugEditorMaterial.uasset" 133
"../../../Engine/Content/EngineDebugMaterials/DebugMeshMaterial.uasset" 134
"../../../Engine/Content/EngineDebugMaterials/M_SimpleUnlitTranslucent.uasset" 135
"../../../Engine/Content/EngineDebugMaterials/VolumeToRender.uasset" 136
"../../../Engine/Content/Functions/Engine_MaterialFunctions02/Utility/CameraDirectionVector.uasset" 137
"../../../Engine/Content/EngineDebugMaterials/M_VolumeRenderSphereTracePP.uasset" 138
"../../../Engine/Content/Functions/Engine_MaterialFunctions01/Shading/ConvertFromDiffSpec.uasset" 139
"../../../Engine/Content/EngineDebugMaterials/VertexColorMaterial.uasset" 140
"../../../Engine/Content/EngineDebugMaterials/WireframeMaterial.uasset" 141
"../../../Engine/Content/EngineFonts/Faces/RobotoRegular.uasset" 142
"../../../Engine/Content/EngineFonts/Faces/RobotoLight.uasset" 143
"../../../Engine/Content/EngineFonts/Faces/RobotoItalic.uasset" 144
"../../../Engine/Content/EngineFonts/Faces/RobotoBoldItalic.uasset" 145
"../../../Engine/Content/EngineFonts/Faces/RobotoBold.uasset" 146
"../../../Engine/Content/EngineFonts/Faces/DroidSansFallback.uasset" 147
"../../../Engine/Content/EngineFonts/Roboto.uasset" 148
"../../../Engine/Content/EngineMaterials/BaseFlattenNormalMap.uasset" 149
"../../../Engine/Content/EngineMaterials/BaseFlattenGrayscaleMap.uasset" 150
"../../../Engine/Content/EngineMaterials/BaseFlattenEmissiveMap.uasset" 151
"../../../Engine/Content/EngineMaterials/BaseFlattenDiffuseMap.uasset" 152
"../../../Engine/Content/EngineMaterials/BaseFlattenMaterial.uasset" 153
"../../../Engine/Content/EngineMaterials/BlueNoise.uasset" 154
"../../../Engine/Content/EngineMaterials/DefaultBloomKernel.uasset" 155
"../../../Engine/Content/EngineMaterials/DefaultBokeh.uasset" 156
"../../../Engine/Content/EngineMaterials/DefaultDiffuse.uasset" 157
"../../../Engine/Content/EngineMaterials/DefaultDeferredDecalMaterial.uasset" 158
"../../../Engine/Content/EngineMaterials/DefaultLightFunctionMaterial.uasset" 159
"../../../Engine/Content/EngineMaterials/DefaultPhysicalMaterial.uasset" 160
"../../../Engine/Content/Functions/Engine_MaterialFunctions02/Utility/BreakOutFloat2Components.uasset" 161
"../../../Engine/Content/EngineMaterials/DefaultPostProcessMaterial.uasset" 162
"../../../Engine/Content/EngineFonts/RobotoDistanceField.uasset" 163
"../../../Engine/Content/EngineMaterials/DefaultTextMaterialOpaque.uasset" 164
"../../../Engine/Content/EngineMaterials/DefaultWhiteGrid.uasset" 165
"../../../Engine/Content/EngineMaterials/DefaultWhiteGrid_Low.uasset" 166
"../../../Engine/Content/EngineMaterials/EmissiveMeshMaterial.uasset" 167
"../../../Engine/Content/EngineMaterials/GizmoMaterial.uasset" 168
"../../../Engine/Content/EngineMaterials/Good64x64TilingNoiseHighFreq.uasset" 169
"../../../Engine/Content/EngineMaterials/MiniFont.uasset" 170
"../../../Engine/Content/EngineMaterials/InvalidLightmapSettings.uasset" 171
"../../../Engine/Content/EngineMaterials/M_InvalidLightmapSettings.uasset" 172
"../../../Engine/Content/Functions/Engine_MaterialFunctions02/WorldPositionOffset/CameraOffset.uasset" 173
"../../../Engine/Content/EngineMaterials/PhAT_JointLimitMaterial.uasset" 174
"../../../Engine/Content/EngineMaterials/PreintegratedSkinBRDF.uasset" 175
"../../../Engine/Content/EngineMaterials/RemoveSurfaceMaterial.uasset" 176
"../../../Engine/Content/EngineMaterials/WeightMapPlaceholderTexture.uasset" 177
"../../../Engine/Content/EngineResources/WhiteSquareTexture.uasset" 178
"../../../Engine/Content/EngineMaterials/Widget3DPassThrough.uasset" 179
"../../../Engine/Content/EngineMaterials/Widget3DPassThrough_Masked.uasset" 180
"../../../Engine/Content/EngineMaterials/Widget3DPassThrough_Opaque.uasset" 181
"../../../Engine/Content/EngineMaterials/Widget3DPassThrough_Masked_OneSided.uasset" 182
"../../../Engine/Content/EngineMaterials/Widget3DPassThrough_Opaque_OneSided.uasset" 183
"../../../Engine/Content/EngineMaterials/Widget3DPassThrough_Translucent.uasset" 184
"../../../Engine/Content/EngineMaterials/Widget3DPassThrough_Translucent_OneSided.uasset" 185
"../../../Engine/Content/EngineMeshes/Cylinder.uasset" 186
"../../../Engine/Content/EngineMeshes/Sphere.uasset" 187
"../../../Engine/Content/EngineResources/Black.uasset" 188
"../../../Engine/Content/EngineResources/DefaultTextureCube.uasset" 189
"../../../Engine/Content/EngineResources/DefaultVolumeTexture2D.uasset" 190
"../../../Engine/Content/EngineResources/DefaultVolumeTexture.uasset" 191
"../../../Engine/Content/EngineResources/GradientTexture0.uasset" 192
"../../../Engine/Content/EngineSky/VolumetricClouds/T_NoiseShape64.uasset" 193
"../../../Engine/Content/EngineSky/VolumetricClouds/T_VolumeNoiseShape64.uasset" 194
"../../../Engine/Content/EngineSky/VolumetricClouds/T_NoiseErosion.uasset" 195
"../../../Engine/Content/EngineSky/VolumetricClouds/T_VolumeNoiseErosion32.uasset" 196
"../../../Engine/Content/Functions/Engine_MaterialFunctions02/Utility/MakeFloat2.uasset" 197
"../../../Engine/Content/EngineSky/VolumetricClouds/CloudWeatherTexture.uasset" 198
"../../../Engine/Content/EngineSky/VolumetricClouds/CloudGradientTexture.uasset" 199
"../../../Engine/Content/EngineSky/VolumetricClouds/m_SimpleVolumetricCloud.uasset" 200
"../../../Engine/Content/EngineSky/VolumetricClouds/m_SimpleVolumetricCloud_Inst.uasset" 201
"../../../Engine/Content/EngineSounds/Master.uasset" 202
"../../../Engine/Content/Functions/Engine_MaterialFunctions01/Shading/PowerToRoughness.uasset" 203
"../../../Engine/Content/Maps/Templates/Thumbnails/Default.uasset" 204
"../../../Engine/Content/Maps/Templates/Thumbnails/TimeOfDay.uasset" 205
"../../../Engine/Content/Maps/Templates/Thumbnails/VR-Basic.uasset" 206
"../../../Engine/Content/MobileResources/T_MobileControls_texture.uasset" 207
"../../../Engine/Content/MobileResources/T_MobileMenu2.uasset" 208
"../../../Engine/Content/MobileResources/HUD/AnalogHat.uasset" 209
"../../../Engine/Content/MobileResources/HUD/VirtualJoystick_Thumb.uasset" 210
"../../../Engine/Content/MobileResources/HUD/VirtualJoystick_Background.uasset" 211
"../../../Engine/Content/MobileResources/HUD/DefaultVirtualJoysticks.uasset" 212
"../../../Engine/Content/MobileResources/HUD/LeftVirtualJoystickOnly.uasset" 213
"../../../Engine/Content/MobileResources/HUD/MobileHUDButton1_off.uasset" 214
"../../../Engine/Content/MobileResources/HUD/MobileHUDButton1_on.uasset" 215
"../../../Engine/Content/MobileResources/HUD/MobileHUDButton2_off.uasset" 216
"../../../Engine/Content/MobileResources/HUD/MobileHUDButton2_on.uasset" 217
"../../../Engine/Content/MobileResources/HUD/MobileHUDButton3.uasset" 218
"../../../Engine/Content/MobileResources/HUD/MobileHUDButtonFire.uasset" 219
"../../../Engine/Content/MobileResources/HUD/MobileHUDDirectionPad.uasset" 220
"../../../Engine/Content/MobileResources/HUD/MobileHUDDirectionPad2.uasset" 221
"../../../Engine/Content/MobileResources/HUD/MobileHUDDirectionPad3.uasset" 222
"../../../Engine/Content/MobileResources/HUD/MobileHUDDirectionStick.uasset" 223
"../../../Engine/Content/MobileResources/HUD/T_Castle_ThumbstickInner.uasset" 224
"../../../Engine/Content/MobileResources/HUD/T_Castle_ThumbstickOutter.uasset" 225
"../../../Engine/Content/Tutorial/ContentIntroCurve.uasset" 226
"../../../Engine/Content/VREditor/TransformGizmo/TranslucentTransformGizmoMaterial.uasset" 227
"../../../Engine/Content/VREditor/LaserPointer/VR_LaserPower_01.uasset" 228
"../../../Engine/Content/VREditor/TransformGizmo/TransformGizmoMaterial.uasset" 229
"../../../Engine/Content/VREditor/TransformGizmo/BoundingBoxCorner.uasset" 230
"../../../Engine/Content/VREditor/TransformGizmo/BoundingBoxEdge.uasset" 231
"../../../Engine/Content/VREditor/TransformGizmo/PlaneTranslationHandle.uasset" 232
"../../../Engine/Content/VREditor/TransformGizmo/Xray.uasset" 233
"../../../Engine/Content/VREditor/TransformGizmo/Main.uasset" 234
"../../../Engine/Content/VREditor/TransformGizmo/SM_Sequencer_Key.uasset" 235
"../../../Engine/Content/VREditor/TransformGizmo/SM_Sequencer_Node.uasset" 236
"../../Plugins/2D/Paper2D/Content/PlaceholderTextures/DummySpriteTexture.uasset" 237
"../../Plugins/2D/Paper2D/Content/DummySprite.uasset" 238
"../../Plugins/2D/Paper2D/Content/DefaultPaperTerrainMaterial.uasset" 239
"../../Plugins/2D/Paper2D/Content/DefaultSpriteMaterial.uasset" 240
"../../Plugins/2D/Paper2D/Content/MaskedUnlitSpriteMaterial.uasset" 241
"../../Plugins/2D/Paper2D/Content/OpaqueUnlitSpriteMaterial.uasset" 242
"../../../Engine/Content/Functions/Engine_MaterialFunctions02/Utility/BreakOutFloat3Components.uasset" 243
"../../Plugins/Editor/SpeedTreeImporter/Content/SpeedTree9/UnpackInteger3.uasset" 244
"../../Plugins/Editor/SpeedTreeImporter/Content/SpeedTree9/UnpackDirection.uasset" 245
"../../Plugins/Editor/SpeedTreeImporter/Content/SpeedTree9/game_wind_noise.uasset" 246
"../../../Engine/Content/Functions/Engine_MaterialFunctions02/SafeNormalize.uasset" 247
"../../Plugins/Editor/SpeedTreeImporter/Content/SpeedTree9/SpeedTreeWindMotion.uasset" 248
"../../Plugins/Editor/SpeedTreeImporter/Content/SpeedTree9/SpeedTreeBranchMotion.uasset" 249
"../../../Engine/Content/Functions/Engine_MaterialFunctions02/ObjectLocalBounds.uasset" 250
"../../../Engine/Content/Functions/Engine_MaterialFunctions02/UVs/BoundingBoxBased_0-1_UVW.uasset" 251
"../../Plugins/Editor/SpeedTreeImporter/Content/SpeedTree9/SpeedTreeWind.uasset" 252
"../../Plugins/Editor/SpeedTreeImporter/Content/SpeedTree9/SpeedTreeBillboard.uasset" 253
"../../../Engine/Content/EngineResources/DefaultTexture.uasset" 254
"../../Plugins/Editor/SpeedTreeImporter/Content/SpeedTree9/SpeedTreeBillboardMaster.uasset" 255
"../../Plugins/Editor/SpeedTreeImporter/Content/SpeedTree9/SpeedTreeCameraFacing.uasset" 256
"../../Plugins/Editor/SpeedTreeImporter/Content/SpeedTree9/SpeedTreeMaster.uasset" 257
"../../../Engine/Content/BasicShapes/Cylinder.uasset" 258
"../../../Engine/Content/ArtTools/RenderToTexture/Materials/Debug/M_Emissive_Color.uasset" 259
"../../Plugins/Lumin/MagicLeapPassableWorld/Content/MagicLeapARPinInfoActor.uasset" 260
"../../../Engine/Content/Functions/Engine_MaterialFunctions02/Utility/BreakOutFloat4Components.uasset" 261
"../../../Engine/Content/Functions/Engine_MaterialFunctions02/Utility/MakeFloat3.uasset" 262
"../../Plugins/Runtime/Oculus/OculusVR/Content/Materials/OculusMR_ChromaKey.uasset" 263
"../../Plugins/Runtime/Oculus/OculusVR/Content/Materials/OculusMR_OpaqueColoredMaterial.uasset" 264
"../../Plugins/Runtime/Oculus/OculusVR/Content/Materials/PokeAHoleMaterial.uasset" 265
"../../../Engine/Content/EditorMeshes/ColorCalibrator/M_GreyBall.uasset" 266
"../../../Engine/Content/EditorMeshes/ColorCalibrator/Color_checker.uasset" 267
"../../../Engine/Content/EditorMeshes/ColorCalibrator/M_ColorGrid.uasset" 268
"../../../Engine/Content/EditorMeshes/ColorCalibrator/M_ClearCoatBlack.uasset" 269
"../../../Engine/Content/EditorMeshes/ColorCalibrator/M_ClearCoat.uasset" 270
"../../../Engine/Content/EditorMeshes/ColorCalibrator/M_ChromeBall.uasset" 271
"../../../Engine/Content/EditorMeshes/ColorCalibrator/SM_ColorCalibrator.uasset" 272
"../../../../../../../Unreal Projects/DenisErmolov/Content/StarterContent/Maps/Advanced_Lighting_BuiltData.uasset" 273
"../../../../../../../Unreal Projects/DenisErmolov/Content/StarterContent/HDRI/HDRI_Epic_Courtyard_Daylight.uasset" 274
"../../../Engine/Content/MapTemplates/Sky/DaylightAmbientCubemap.uasset" 275
"../../../../../../../Unreal Projects/DenisErmolov/Content/StarterContent/Blueprints/Assets/M_LightStage_Skybox_Master.uasset" 276
"../../../../../../../Unreal Projects/DenisErmolov/Content/StarterContent/Blueprints/Assets/M_LightStage_Skybox_HDRI.uasset" 277
"../../../../../../../Unreal Projects/DenisErmolov/Content/StarterContent/Blueprints/Assets/M_LightStage_Arrows.uasset" 278
"../../../../../../../Unreal Projects/DenisErmolov/Content/StarterContent/Blueprints/Assets/SM_Arrows.uasset" 279
"../../../Engine/Content/EditorMaterials/Thumbnails/SkySphereMaterial.uasset" 280
"../../../../../../../Unreal Projects/DenisErmolov/Content/StarterContent/Blueprints/Assets/Skybox.uasset" 281
"../../../../../../../Unreal Projects/DenisErmolov/Content/StarterContent/Blueprints/Assets/M_LightStage_Skybox_Black.uasset" 282
"../../../../../../../Unreal Projects/DenisErmolov/Content/StarterContent/Blueprints/Assets/SunlightColorLUT.uasset" 283
"../../../../../../../Unreal Projects/DenisErmolov/Content/StarterContent/Blueprints/Assets/FogBrightnessLUT.uasset" 284
"../../../../../../../Unreal Projects/DenisErmolov/Content/StarterContent/Blueprints/BP_LightStudio.uasset" 285
"../../../../../../../Unreal Projects/DenisErmolov/Content/StarterContent/Materials/M_AssetPlatform.uasset" 286
"../../../../../../../Unreal Projects/DenisErmolov/Content/StarterContent/Architecture/SM_AssetPlatform.uasset" 287
"../../../../../../../Unreal Projects/DenisErmolov/Content/StarterContent/Maps/Advanced_Lighting.umap" 288
"../../../../../../../Unreal Projects/DenisErmolov/Content/StarterContent/Textures/T_TableRound_N.uasset" 289
"../../../../../../../Unreal Projects/DenisErmolov/Content/StarterContent/Textures/T_TableRound_M.uasset" 290
"../../../../../../../Unreal Projects/DenisErmolov/Content/StarterContent/Props/Materials/M_TableRound.uasset" 291
"../../../../../../../Unreal Projects/DenisErmolov/Content/StarterContent/Props/SM_TableRound.uasset" 292
"../../../../../../../Unreal Projects/DenisErmolov/Content/StarterContent/Textures/T_Statue_N.uasset" 293
"../../../../../../../Unreal Projects/DenisErmolov/Content/StarterContent/Textures/T_Statue_M.uasset" 294
"../../../../../../../Unreal Projects/DenisErmolov/Content/StarterContent/Props/Materials/M_Statue.uasset" 295
"../../../../../../../Unreal Projects/DenisErmolov/Content/StarterContent/Props/Materials/M_StatueGlass.uasset" 296
"../../../../../../../Unreal Projects/DenisErmolov/Content/StarterContent/Props/SM_Statue.uasset" 297
"../../../../../../../Unreal Projects/DenisErmolov/Content/StarterContent/Props/SM_Chair.uasset" 298
"../../../../../../../Unreal Projects/DenisErmolov/Content/StarterContent/Textures/T_Metal_Copper_D.uasset" 299
"../../../../../../../Unreal Projects/DenisErmolov/Content/StarterContent/Textures/T_Metal_Gold_N.uasset" 300
"../../../../../../../Unreal Projects/DenisErmolov/Content/StarterContent/Textures/T_MacroVariation.uasset" 301
"../../../../../../../Unreal Projects/DenisErmolov/Content/StarterContent/Materials/M_Metal_Copper.uasset" 302
"../../../../../../../Unreal Projects/DenisErmolov/Content/StarterContent/Textures/T_Metal_Aluminum_D.uasset" 303
"../../../../../../../Unreal Projects/DenisErmolov/Content/StarterContent/Materials/M_Metal_Burnished_Steel.uasset" 304
"../../../../../../../Unreal Projects/DenisErmolov/Content/StarterContent/Materials/M_Metal_Brushed_Nickel.uasset" 305
"../../../Engine/Content/EngineSky/T_Sky_Stars.uasset" 306
"../../../Engine/Content/EngineSky/T_Sky_Clouds_M.uasset" 307
"../../../Engine/Content/EngineSky/T_Sky_Blue.uasset" 308
"../../../Engine/Content/EngineSky/M_Sky_Panning_Clouds2.uasset" 309
"../../../../../../../Unreal Projects/DenisErmolov/Content/StarterContent/Maps/Minimal_Default_BuiltData.uasset" 310
"../../../Engine/Content/EngineSky/SM_SkySphere.uasset" 311
"../../../Engine/Content/EngineSky/C_Sky_Zenith_Color.uasset" 312
"../../../Engine/Content/EngineSky/C_Sky_Horizon_Color.uasset" 313
"../../../Engine/Content/EngineSky/C_Sky_Cloud_Color.uasset" 314
"../../../Engine/Content/EditorBlueprintResources/StandardMacros.uasset" 315
"../../../Engine/Content/EngineSky/BP_Sky_Sphere.uasset" 316
"../../../../../../../Unreal Projects/DenisErmolov/Content/StarterContent/Audio/Starter_Background_Cue.uasset" 317
"../../../../../../../Unreal Projects/DenisErmolov/Content/StarterContent/Architecture/Floor_400x400.uasset" 318
"../../../../../../../Unreal Projects/DenisErmolov/Content/StarterContent/Maps/Minimal_Default.umap" 319
"../../../../../../../Unreal Projects/DenisErmolov/Content/StarterContent/Shapes/Shape_Sphere.uasset" 320
"../../../../../../../Unreal Projects/DenisErmolov/Content/StarterContent/Shapes/Shape_QuadPyramid.uasset" 321
"../../../../../../../Unreal Projects/DenisErmolov/Content/StarterContent/Shapes/Shape_Cube.uasset" 322
"../../../../../../../Unreal Projects/DenisErmolov/Content/StarterContent/Textures/T_Frame_N.uasset" 323
"../../../../../../../Unreal Projects/DenisErmolov/Content/StarterContent/Textures/T_Frame_M.uasset" 324
"../../../../../../../Unreal Projects/DenisErmolov/Content/StarterContent/Props/Materials/M_Frame.uasset" 325
"../../../../../../../Unreal Projects/DenisErmolov/Content/StarterContent/Props/SM_WindowFrame.uasset" 326
"../../../../../../../Unreal Projects/DenisErmolov/Content/StarterContent/Props/SM_PillarFrame300.uasset" 327
"../../../../../../../Unreal Projects/DenisErmolov/Content/StarterContent/Props/SM_PillarFrame.uasset" 328
"../../../../../../../Unreal Projects/DenisErmolov/Content/StarterContent/Props/SM_GlassWindow.uasset" 329
"../../../../../../../Unreal Projects/DenisErmolov/Content/StarterContent/Props/SM_DoorFrame.uasset" 330
"../../../../../../../Unreal Projects/DenisErmolov/Content/StarterContent/Props/SM_CornerFrame.uasset" 331
"../../../../../../../Unreal Projects/DenisErmolov/Content/StarterContent/Props/MaterialSphere.uasset" 332
"../../../../../../../Unreal Projects/DenisErmolov/Content/StarterContent/Textures/T_Dust_Particle_D.uasset" 333
"../../../../../../../Unreal Projects/DenisErmolov/Content/StarterContent/Particles/Materials/M_Dust_Particle.uasset" 334
"../../../../../../../Unreal Projects/DenisErmolov/Content/StarterContent/Particles/P_Ambient_Dust.uasset" 335
"../../../../../../../Unreal Projects/DenisErmolov/Content/StarterContent/Textures/T_Wood_Walnut_N.uasset" 336
"../../../../../../../Unreal Projects/DenisErmolov/Content/StarterContent/Textures/T_Wood_Walnut_D.uasset" 337
"../../../../../../../Unreal Projects/DenisErmolov/Content/StarterContent/Materials/M_Wood_Walnut.uasset" 338
"../../../../../../../Unreal Projects/DenisErmolov/Content/StarterContent/Textures/T_Wood_Pine_N.uasset" 339
"../../../../../../../Unreal Projects/DenisErmolov/Content/StarterContent/Textures/T_Wood_Pine_D.uasset" 340
"../../../../../../../Unreal Projects/DenisErmolov/Content/StarterContent/Textures/T_Perlin_Noise_M.uasset" 341
"../../../../../../../Unreal Projects/DenisErmolov/Content/StarterContent/Materials/M_Wood_Pine.uasset" 342
"../../../../../../../Unreal Projects/DenisErmolov/Content/StarterContent/Textures/T_Wood_Oak_N.uasset" 343
"../../../../../../../Unreal Projects/DenisErmolov/Content/StarterContent/Textures/T_Wood_Oak_D.uasset" 344
"../../../../../../../Unreal Projects/DenisErmolov/Content/StarterContent/Materials/M_Wood_Oak.uasset" 345
"../../../Engine/Content/Functions/Engine_MaterialFunctions01/Opacity/AlphaOffset.uasset" 346
"../../../../../../../Unreal Projects/DenisErmolov/Content/StarterContent/Textures/T_Wood_Floor_Walnut_N.uasset" 347
"../../../../../../../Unreal Projects/DenisErmolov/Content/StarterContent/Textures/T_Wood_Floor_Walnut_M.uasset" 348
"../../../../../../../Unreal Projects/DenisErmolov/Content/StarterContent/Textures/T_Wood_Floor_Walnut_D.uasset" 349
"../../../../../../../Unreal Projects/DenisErmolov/Content/StarterContent/Materials/M_Wood_Floor_Walnut_Worn.uasset" 350
"../../../../../../../Unreal Projects/DenisErmolov/Content/StarterContent/Materials/M_Wood_Floor_Walnut_Polished.uasset" 351
"../../../../../../../Unreal Projects/DenisErmolov/Content/StarterContent/Textures/T_Water_M.uasset" 352
"../../../../../../../Unreal Projects/DenisErmolov/Content/StarterContent/Textures/T_Water_N.uasset" 353
"../../../../../../../Unreal Projects/DenisErmolov/Content/StarterContent/Materials/M_Water_Ocean.uasset" 354
"../../../../../../../Unreal Projects/DenisErmolov/Content/StarterContent/Materials/M_Water_Lake.uasset" 355
"../../../../../../../Unreal Projects/DenisErmolov/Content/StarterContent/Textures/T_Tech_Panel_N.uasset" 356
"../../../../../../../Unreal Projects/DenisErmolov/Content/StarterContent/Textures/T_Tech_Panel_M.uasset" 357
"../../../../../../../Unreal Projects/DenisErmolov/Content/StarterContent/Textures/T_Metal_Steel_D.uasset" 358
"../../../../../../../Unreal Projects/DenisErmolov/Content/StarterContent/Materials/M_Tech_Panel.uasset" 359
"../../../../../../../Unreal Projects/DenisErmolov/Content/StarterContent/Textures/T_Tech_Hex_Tile_N.uasset" 360
"../../../../../../../Unreal Projects/DenisErmolov/Content/StarterContent/Textures/T_Tech_Hex_Tile_M.uasset" 361
"../../../../../../../Unreal Projects/DenisErmolov/Content/StarterContent/Materials/M_Tech_Hex_Tile_Pulse.uasset" 362
"../../../../../../../Unreal Projects/DenisErmolov/Content/StarterContent/Materials/M_Tech_Hex_Tile.uasset" 363
"../../../../../../../Unreal Projects/DenisErmolov/Content/StarterContent/Textures/T_Tech_Dot_N.uasset" 364
"../../../../../../../Unreal Projects/DenisErmolov/Content/StarterContent/Textures/T_Tech_Dot_M.uasset" 365
"../../../../../../../Unreal Projects/DenisErmolov/Content/StarterContent/Textures/T_Single_Tile_N.uasset" 366
"../../../../../../../Unreal Projects/DenisErmolov/Content/StarterContent/Textures/T_Checker_Noise_M.uasset" 367
"../../../../../../../Unreal Projects/DenisErmolov/Content/StarterContent/Materials/M_Tech_Checker_Dot.uasset" 368
"../../../../../../../Unreal Projects/DenisErmolov/Content/StarterContent/Textures/T_Rock_Slate_N.uasset" 369
"../../../../../../../Unreal Projects/DenisErmolov/Content/StarterContent/Textures/T_Rock_Slate_D.uasset" 370
"../../../../../../../Unreal Projects/DenisErmolov/Content/StarterContent/Materials/M_Rock_Slate.uasset" 371
"../../../../../../../Unreal Projects/DenisErmolov/Content/StarterContent/Textures/T_Rock_Sandstone_N.uasset" 372
"../../../../../../../Unreal Projects/DenisErmolov/Content/StarterContent/Textures/T_Rock_Sandstone_D.uasset" 373
"../../../../../../../Unreal Projects/DenisErmolov/Content/StarterContent/Materials/M_Rock_Sandstone.uasset" 374
"../../../../../../../Unreal Projects/DenisErmolov/Content/StarterContent/Textures/T_Rock_Marble_Polished_D.uasset" 375
"../../../../../../../Unreal Projects/DenisErmolov/Content/StarterContent/Materials/M_Rock_Marble_Polished.uasset" 376
"../../../../../../../Unreal Projects/DenisErmolov/Content/StarterContent/Textures/T_Rock_Basalt_N.uasset" 377
"../../../../../../../Unreal Projects/DenisErmolov/Content/StarterContent/Materials/M_Rock_Basalt.uasset" 378
"../../../../../../../Unreal Projects/DenisErmolov/Content/StarterContent/Textures/T_Metal_Steel_N.uasset" 379
"../../../../../../../Unreal Projects/DenisErmolov/Content/StarterContent/Materials/M_Metal_Steel.uasset" 380
"../../../../../../../Unreal Projects/DenisErmolov/Content/StarterContent/Textures/T_Metal_Rust_D.uasset" 381
"../../../../../../../Unreal Projects/DenisErmolov/Content/StarterContent/Textures/T_Metal_Rust_N.uasset" 382
"../../../../../../../Unreal Projects/DenisErmolov/Content/StarterContent/Materials/M_Metal_Rust.uasset" 383
"../../../../../../../Unreal Projects/DenisErmolov/Content/StarterContent/Textures/T_Metal_Gold_D.uasset" 384
"../../../../../../../Unreal Projects/DenisErmolov/Content/StarterContent/Materials/M_Metal_Gold.uasset" 385
"../../../../../../../Unreal Projects/DenisErmolov/Content/StarterContent/Materials/M_Metal_Chrome.uasset" 386
"../../../../../../../Unreal Projects/DenisErmolov/Content/StarterContent/Textures/T_Ground_Moss_N.uasset" 387
"../../../../../../../Unreal Projects/DenisErmolov/Content/StarterContent/Textures/T_ground_Moss_D.uasset" 388
"../../../../../../../Unreal Projects/DenisErmolov/Content/StarterContent/Materials/M_Ground_Moss.uasset" 389
"../../../../../../../Unreal Projects/DenisErmolov/Content/StarterContent/Textures/T_Ground_Gravel_N.uasset" 390
"../../../../../../../Unreal Projects/DenisErmolov/Content/StarterContent/Textures/T_Ground_Gravel_D.uasset" 391
"../../../../../../../Unreal Projects/DenisErmolov/Content/StarterContent/Materials/M_Ground_Gravel.uasset" 392
"../../../../../../../Unreal Projects/DenisErmolov/Content/StarterContent/Textures/T_Ground_Grass_N.uasset" 393
"../../../../../../../Unreal Projects/DenisErmolov/Content/StarterContent/Textures/T_Ground_Grass_D.uasset" 394
"../../../../../../../Unreal Projects/DenisErmolov/Content/StarterContent/Materials/M_Ground_Grass.uasset" 395
"../../../../../../../Unreal Projects/DenisErmolov/Content/StarterContent/Textures/T_Concrete_Tiles_Variation_M.uasset" 396
"../../../../../../../Unreal Projects/DenisErmolov/Content/StarterContent/Textures/T_Concrete_Tiles_N.uasset" 397
"../../../../../../../Unreal Projects/DenisErmolov/Content/StarterContent/Textures/T_Concrete_Tiles_M.uasset" 398
"../../../../../../../Unreal Projects/DenisErmolov/Content/StarterContent/Textures/T_Concrete_Tiles_D.uasset" 399
"../../../../../../../Unreal Projects/DenisErmolov/Content/StarterContent/Materials/M_Concrete_Tiles.uasset" 400
"../../../../../../../Unreal Projects/DenisErmolov/Content/StarterContent/Textures/T_Concrete_Panels_N.uasset" 401
"../../../../../../../Unreal Projects/DenisErmolov/Content/StarterContent/Textures/T_Concrete_Panels_D.uasset" 402
"../../../../../../../Unreal Projects/DenisErmolov/Content/StarterContent/Materials/M_Concrete_Panels.uasset" 403
"../../../../../../../Unreal Projects/DenisErmolov/Content/StarterContent/Textures/T_Concrete_Grime_D.uasset" 404
"../../../../../../../Unreal Projects/DenisErmolov/Content/StarterContent/Materials/M_Concrete_Grime.uasset" 405
"../../../../../../../Unreal Projects/DenisErmolov/Content/StarterContent/Textures/T_CobbleStone_Smooth_N.uasset" 406
"../../../../../../../Unreal Projects/DenisErmolov/Content/StarterContent/Textures/T_CobbleStone_Smooth_M.uasset" 407
"../../../../../../../Unreal Projects/DenisErmolov/Content/StarterContent/Textures/T_CobbleStone_Smooth_D.uasset" 408
"../../../../../../../Unreal Projects/DenisErmolov/Content/StarterContent/Textures/T_Rock_Smooth_Granite_D.uasset" 409
"../../../../../../../Unreal Projects/DenisErmolov/Content/StarterContent/Textures/T_Gradinet_01.uasset" 410
"../../../../../../../Unreal Projects/DenisErmolov/Content/StarterContent/Materials/M_CobbleStone_Smooth.uasset" 411
"../../../../../../../Unreal Projects/DenisErmolov/Content/StarterContent/Textures/T_CobbleStone_Rough_N.uasset" 412
"../../../../../../../Unreal Projects/DenisErmolov/Content/StarterContent/Textures/T_CobbleStone_Rough_D.uasset" 413
"../../../../../../../Unreal Projects/DenisErmolov/Content/StarterContent/Materials/M_CobbleStone_Rough.uasset" 414
"../../../../../../../Unreal Projects/DenisErmolov/Content/StarterContent/Textures/T_CobbleStone_Pebble_N.uasset" 415
"../../../../../../../Unreal Projects/DenisErmolov/Content/StarterContent/Textures/T_CobbleStone_Pebble_M.uasset" 416
"../../../../../../../Unreal Projects/DenisErmolov/Content/StarterContent/Textures/T_CobbleStone_Pebble_D.uasset" 417
"../../../../../../../Unreal Projects/DenisErmolov/Content/StarterContent/Materials/M_CobbleStone_Pebble.uasset" 418
"../../../../../../../Unreal Projects/DenisErmolov/Content/StarterContent/Textures/T_Ceramic_Tile_N.uasset" 419
"../../../../../../../Unreal Projects/DenisErmolov/Content/StarterContent/Textures/T_Ceramic_Tile_M.uasset" 420
"../../../../../../../Unreal Projects/DenisErmolov/Content/StarterContent/Materials/M_Ceramic_Tile_Checker.uasset" 421
"../../../../../../../Unreal Projects/DenisErmolov/Content/StarterContent/Textures/T_Brick_Hewn_Stone_N.uasset" 422
"../../../../../../../Unreal Projects/DenisErmolov/Content/StarterContent/Textures/T_Brick_Hewn_Stone_M.uasset" 423
"../../../../../../../Unreal Projects/DenisErmolov/Content/StarterContent/Textures/T_Brick_Hewn_Stone_D.uasset" 424
"../../../../../../../Unreal Projects/DenisErmolov/Content/StarterContent/Materials/M_Brick_Hewn_Stone.uasset" 425
"../../../../../../../Unreal Projects/DenisErmolov/Content/StarterContent/Textures/T_Brick_Cut_Stone_N.uasset" 426
"../../../../../../../Unreal Projects/DenisErmolov/Content/StarterContent/Textures/T_Brick_Cut_Stone_D.uasset" 427
"../../../../../../../Unreal Projects/DenisErmolov/Content/StarterContent/Materials/M_Brick_Cut_Stone.uasset" 428
"../../../../../../../Unreal Projects/DenisErmolov/Content/StarterContent/Textures/T_Brick_Clay_Old_N.uasset" 429
"../../../../../../../Unreal Projects/DenisErmolov/Content/StarterContent/Textures/T_Brick_Clay_Old_D.uasset" 430
"../../../../../../../Unreal Projects/DenisErmolov/Content/StarterContent/Materials/M_Brick_Clay_Old.uasset" 431
"../../../../../../../Unreal Projects/DenisErmolov/Content/StarterContent/Textures/T_Brick_Clay_New_N.uasset" 432
"../../../../../../../Unreal Projects/DenisErmolov/Content/StarterContent/Textures/T_Brick_Clay_New_M.uasset" 433
"../../../../../../../Unreal Projects/DenisErmolov/Content/StarterContent/Textures/T_Brick_Clay_New_D.uasset" 434
"../../../../../../../Unreal Projects/DenisErmolov/Content/StarterContent/Materials/M_Brick_Clay_New.uasset" 435
"../../../../../../../Unreal Projects/DenisErmolov/Content/StarterContent/Textures/T_Brick_Clay_Beveled_N.uasset" 436
"../../../../../../../Unreal Projects/DenisErmolov/Content/StarterContent/Textures/T_Brick_Clay_Beveled_M.uasset" 437
"../../../../../../../Unreal Projects/DenisErmolov/Content/StarterContent/Textures/T_Brick_Clay_Beveled_D.uasset" 438
"../../../../../../../Unreal Projects/DenisErmolov/Content/StarterContent/Materials/M_Brick_Clay_Beveled.uasset" 439
"../../../Engine/Content/Functions/Engine_MaterialFunctions03/Procedurals/ComputeFilterWidth.uasset" 440
"../../../Engine/Content/EngineMaterials/AntiAliasedTextMaterialTranslucent.uasset" 441
"../../../../../../../Unreal Projects/DenisErmolov/Content/StarterContent/Maps/StarterMap_BuiltData.uasset" 442
"../../../../../../../Unreal Projects/DenisErmolov/Content/StarterContent/Textures/T_Concrete_Poured_N.uasset" 443
"../../../../../../../Unreal Projects/DenisErmolov/Content/StarterContent/Textures/T_Concrete_Poured_D.uasset" 444
"../../../../../../../Unreal Projects/DenisErmolov/Content/StarterContent/Materials/M_Concrete_Poured.uasset" 445
"../../../../../../../Unreal Projects/DenisErmolov/Content/StarterContent/Textures/T_Lamp_N.uasset" 446
"../../../../../../../Unreal Projects/DenisErmolov/Content/StarterContent/Textures/T_Lamp_M.uasset" 447
"../../../../../../../Unreal Projects/DenisErmolov/Content/StarterContent/Props/Materials/M_Lamp.uasset" 448
"../../../../../../../Unreal Projects/DenisErmolov/Content/StarterContent/Props/SM_Lamp_Wall.uasset" 449
"../../../../../../../Unreal Projects/DenisErmolov/Content/StarterContent/Blueprints/Blueprint_WallSconce.uasset" 450
"../../../../../../../Unreal Projects/DenisErmolov/Content/StarterContent/Particles/P_Steam_Lit.uasset" 451
"../../../../../../../Unreal Projects/DenisErmolov/Content/StarterContent/Audio/Steam01_Cue.uasset" 452
"../../../../../../../Unreal Projects/DenisErmolov/Content/StarterContent/Blueprints/Blueprint_Effect_Steam.uasset" 453
"../../../../../../../Unreal Projects/DenisErmolov/Content/StarterContent/Textures/T_Spark_Core.uasset" 454
"../../../../../../../Unreal Projects/DenisErmolov/Content/StarterContent/Particles/Materials/M_Spark.uasset" 455
"../../../../../../../Unreal Projects/DenisErmolov/Content/StarterContent/Particles/Materials/M_Radial_Gradient.uasset" 456
"../../../../../../../Unreal Projects/DenisErmolov/Content/StarterContent/Particles/P_Sparks.uasset" 457
"../../../../../../../Unreal Projects/DenisErmolov/Content/StarterContent/Audio/Fire_Sparks01_Cue.uasset" 458
"../../../../../../../Unreal Projects/DenisErmolov/Content/StarterContent/Blueprints/Blueprint_Effect_Sparks.uasset" 459
"../../../../../../../Unreal Projects/DenisErmolov/Content/StarterContent/Particles/P_Smoke.uasset" 460
"../../../../../../../Unreal Projects/DenisErmolov/Content/StarterContent/Audio/Smoke01_Cue.uasset" 461
"../../../../../../../Unreal Projects/DenisErmolov/Content/StarterContent/Blueprints/Blueprint_Effect_Smoke.uasset" 462
"../../../../../../../Unreal Projects/DenisErmolov/Content/StarterContent/Particles/Materials/M_Heat_Distortion.uasset" 463
"../../../../../../../Unreal Projects/DenisErmolov/Content/StarterContent/Textures/T_Fire_Tiled_D.uasset" 464
"../../../../../../../Unreal Projects/DenisErmolov/Content/StarterContent/Textures/T_Fire_SubUV.uasset" 465
"../../../../../../../Unreal Projects/DenisErmolov/Content/StarterContent/Particles/Materials/M_Fire_SubUV.uasset" 466
"../../../../../../../Unreal Projects/DenisErmolov/Content/StarterContent/Particles/P_Fire.uasset" 467
"../../../../../../../Unreal Projects/DenisErmolov/Content/StarterContent/Audio/Fire01_Cue.uasset" 468
"../../../../../../../Unreal Projects/DenisErmolov/Content/StarterContent/Blueprints/Blueprint_Effect_Fire.uasset" 469
"../../../../../../../Unreal Projects/DenisErmolov/Content/StarterContent/Props/SM_Lamp_Ceiling.uasset" 470
"../../../../../../../Unreal Projects/DenisErmolov/Content/StarterContent/Blueprints/Blueprint_CeilingLight.uasset" 471
"../../../../../../../Unreal Projects/DenisErmolov/Content/StarterContent/Audio/Starter_Music_Cue.uasset" 472
"../../../../../../../Unreal Projects/DenisErmolov/Content/StarterContent/Audio/Collapse_Cue.uasset" 473
"../../../../../../../Unreal Projects/DenisErmolov/Content/StarterContent/Architecture/Wall_Window_400x300.uasset" 474
"../../../../../../../Unreal Projects/DenisErmolov/Content/StarterContent/Architecture/Wall_Door_400x300.uasset" 475
"../../../../../../../Unreal Projects/DenisErmolov/Content/StarterContent/Architecture/Wall_400x200.uasset" 476
"../../../../../../../Unreal Projects/DenisErmolov/Content/StarterContent/Maps/StarterMap.umap" 477
"../../../Engine/Content/Maps/Entry_BuiltData.uasset" 478
"../../../Engine/Content/Maps/Entry.umap" 479
